This is pdfTeX, Version 3.14159265-2.6-1.40.19 (MiKTeX 2.9.6800 64-bit) (preloaded format=pdflatex 2018.9.15)  18 NOV 2018 17:19
entering extended mode
**./HW6.tex
(HW6.tex
LaTeX2e <2018-04-01> patch level 5
("C:\Program Files\MiKTeX 2.9\tex\latex\base\article.cls"
Document Class: article 2014/09/29 v1.4h Standard LaTeX document class
("C:\Program Files\MiKTeX 2.9\tex\latex\base\size12.clo"
File: size12.clo 2014/09/29 v1.4h Standard LaTeX file (size option)
)
\c@part=\count80
\c@section=\count81
\c@subsection=\count82
\c@subsubsection=\count83
\c@paragraph=\count84
\c@subparagraph=\count85
\c@figure=\count86
\c@table=\count87
\abovecaptionskip=\skip41
\belowcaptionskip=\skip42
\bibindent=\dimen102
)
("C:\Program Files\MiKTeX 2.9\tex\latex\enumitem\enumitem.sty"
Package: enumitem 2011/09/28 v3.5.2 Customized lists
\enitkv@toks@=\toks14
\labelindent=\skip43
\enit@outerparindent=\dimen103
\enit@toks=\toks15
\enit@inbox=\box26
\enitdp@description=\count88
)
("C:\Program Files\MiKTeX 2.9\tex\latex\placeins\placeins.sty"
Package: placeins 2005/04/18  v 2.2
)
("C:\Program Files\MiKTeX 2.9\tex\latex\graphics\graphicx.sty"
Package: graphicx 2017/06/01 v1.1a Enhanced LaTeX Graphics (DPC,SPQR)

("C:\Program Files\MiKTeX 2.9\tex\latex\graphics\keyval.sty"
Package: keyval 2014/10/28 v1.15 key=value parser (DPC)
\KV@toks@=\toks16
)
("C:\Program Files\MiKTeX 2.9\tex\latex\graphics\graphics.sty"
Package: graphics 2017/06/25 v1.2c Standard LaTeX Graphics (DPC,SPQR)

("C:\Program Files\MiKTeX 2.9\tex\latex\graphics\trig.sty"
Package: trig 2016/01/03 v1.10 sin cos tan (DPC)
)
("C:\Program Files\MiKTeX 2.9\tex\latex\graphics-cfg\graphics.cfg"
File: graphics.cfg 2016/06/04 v1.11 sample graphics configuration
)
Package graphics Info: Driver file: pdftex.def on input line 99.

("C:\Program Files\MiKTeX 2.9\tex\latex\graphics-def\pdftex.def"
File: pdftex.def 2018/01/08 v1.0l Graphics/color driver for pdftex
))
\Gin@req@height=\dimen104
\Gin@req@width=\dimen105
)
No file HW6.aux.
\openout1 = `HW6.aux'.

LaTeX Font Info:    Checking defaults for OML/cmm/m/it on input line 5.
LaTeX Font Info:    ... okay on input line 5.
LaTeX Font Info:    Checking defaults for T1/cmr/m/n on input line 5.
LaTeX Font Info:    ... okay on input line 5.
LaTeX Font Info:    Checking defaults for OT1/cmr/m/n on input line 5.
LaTeX Font Info:    ... okay on input line 5.
LaTeX Font Info:    Checking defaults for OMS/cmsy/m/n on input line 5.
LaTeX Font Info:    ... okay on input line 5.
LaTeX Font Info:    Checking defaults for OMX/cmex/m/n on input line 5.
LaTeX Font Info:    ... okay on input line 5.
LaTeX Font Info:    Checking defaults for U/cmr/m/n on input line 5.
LaTeX Font Info:    ... okay on input line 5.
("C:\Program Files\MiKTeX 2.9\tex\context\base\supp-pdf.mkii"
[Loading MPS to PDF converter (version 2006.09.02).]
\scratchcounter=\count89
\scratchdimen=\dimen106
\scratchbox=\box27
\nofMPsegments=\count90
\nofMParguments=\count91
\everyMPshowfont=\toks17
\MPscratchCnt=\count92
\MPscratchDim=\dimen107
\MPnumerator=\count93
\makeMPintoPDFobject=\count94
\everyMPtoPDFconversion=\toks18
) ("C:\Program Files\MiKTeX 2.9\tex\latex\oberdiek\epstopdf-base.sty"
Package: epstopdf-base 2016/05/15 v2.6 Base part for package epstopdf

("C:\Program Files\MiKTeX 2.9\tex\generic\oberdiek\infwarerr.sty"
Package: infwarerr 2016/05/16 v1.4 Providing info/warning/error messages (HO)
)
("C:\Program Files\MiKTeX 2.9\tex\latex\oberdiek\grfext.sty"
Package: grfext 2016/05/16 v1.2 Manage graphics extensions (HO)

("C:\Program Files\MiKTeX 2.9\tex\generic\oberdiek\kvdefinekeys.sty"
Package: kvdefinekeys 2016/05/16 v1.4 Define keys (HO)

("C:\Program Files\MiKTeX 2.9\tex\generic\oberdiek\ltxcmds.sty"
Package: ltxcmds 2016/05/16 v1.23 LaTeX kernel commands for general use (HO)
)))
("C:\Program Files\MiKTeX 2.9\tex\latex\oberdiek\kvoptions.sty"
Package: kvoptions 2016/05/16 v3.12 Key value format for package options (HO)

("C:\Program Files\MiKTeX 2.9\tex\generic\oberdiek\kvsetkeys.sty"
Package: kvsetkeys 2016/05/16 v1.17 Key value parser (HO)

("C:\Program Files\MiKTeX 2.9\tex\generic\oberdiek\etexcmds.sty"
Package: etexcmds 2016/05/16 v1.6 Avoid name clashes with e-TeX commands (HO)

("C:\Program Files\MiKTeX 2.9\tex\generic\oberdiek\ifluatex.sty"
Package: ifluatex 2016/05/16 v1.4 Provides the ifluatex switch (HO)
Package ifluatex Info: LuaTeX not detected.
)
Package etexcmds Info: Could not find \expanded.
(etexcmds)             That can mean that you are not using pdfTeX 1.50 or
(etexcmds)             that some package has redefined \expanded.
(etexcmds)             In the latter case, load this package earlier.
)))
("C:\Program Files\MiKTeX 2.9\tex\generic\oberdiek\pdftexcmds.sty"
Package: pdftexcmds 2018/01/30 v0.27 Utility functions of pdfTeX for LuaTeX (HO
)

("C:\Program Files\MiKTeX 2.9\tex\generic\oberdiek\ifpdf.sty"
Package: ifpdf 2017/03/15 v3.2 Provides the ifpdf switch
)
Package pdftexcmds Info: LuaTeX not detected.
Package pdftexcmds Info: \pdf@primitive is available.
Package pdftexcmds Info: \pdf@ifprimitive is available.
Package pdftexcmds Info: \pdfdraftmode found.
)
Package epstopdf-base Info: Redefining graphics rule for `.eps' on input line 4
38.
Package grfext Info: Graphics extension search list:
(grfext)             [.pdf,.png,.jpg,.mps,.jpeg,.jbig2,.jb2,.PDF,.PNG,.JPG,.JPE
G,.JBIG2,.JB2,.eps]
(grfext)             \AppendGraphicsExtensions on input line 456.
)
LaTeX Font Info:    External font `cmex10' loaded for size
(Font)              <14.4> on input line 8.
LaTeX Font Info:    External font `cmex10' loaded for size
(Font)              <7> on input line 8.
LaTeX Font Info:    External font `cmex10' loaded for size
(Font)              <12> on input line 22.
LaTeX Font Info:    External font `cmex10' loaded for size
(Font)              <8> on input line 22.
LaTeX Font Info:    External font `cmex10' loaded for size
(Font)              <6> on input line 22.

Underfull \hbox (badness 10000) in paragraph at lines 9--77

 []


Underfull \hbox (badness 10000) in paragraph at lines 9--77

 []


Underfull \hbox (badness 10000) in paragraph at lines 9--77

 []


Underfull \hbox (badness 10000) in paragraph at lines 9--77

 []


Underfull \hbox (badness 10000) in paragraph at lines 9--77

 []

[1

{C:/Users/iapetus/AppData/Local/MiKTeX/2.9/pdftex/config/pdftex.map}]
[2]
Underfull \hbox (badness 10000) in paragraph at lines 78--108

 []


Underfull \hbox (badness 10000) in paragraph at lines 78--108

 []

<28.jpg, id=13, 433.62pt x 153.57375pt>
File: 28.jpg Graphic file (type jpg)
<use 28.jpg>
Package pdftex.def Info: 28.jpg  used on input line 165.
(pdftex.def)             Requested size: 433.61894pt x 153.57336pt.
<sec2.jpg, id=14, 673.01437pt x 472.01344pt>
File: sec2.jpg Graphic file (type jpg)
<use sec2.jpg>
Package pdftex.def Info: sec2.jpg  used on input line 203.
(pdftex.def)             Requested size: 403.81174pt x 283.21025pt.

Underfull \hbox (badness 10000) in paragraph at lines 109--228

 []


Underfull \hbox (badness 10000) in paragraph at lines 109--228

 []


Underfull \hbox (badness 10000) in paragraph at lines 109--228

 []


Underfull \hbox (badness 10000) in paragraph at lines 109--228

 []


Underfull \hbox (badness 10000) in paragraph at lines 109--228

 []


Underfull \hbox (badness 10000) in paragraph at lines 109--228

 []


Underfull \hbox (badness 10000) in paragraph at lines 109--228

 []


Underfull \hbox (badness 10000) in paragraph at lines 109--228

 []


Underfull \hbox (badness 10000) in paragraph at lines 109--228

 []


Underfull \hbox (badness 10000) in paragraph at lines 109--228

 []


Underfull \hbox (badness 10000) in paragraph at lines 109--228

 []


Underfull \hbox (badness 10000) in paragraph at lines 109--228

 []


Underfull \hbox (badness 10000) in paragraph at lines 109--228

 []


Underfull \hbox (badness 10000) in paragraph at lines 109--228

 []


Underfull \hbox (badness 10000) in paragraph at lines 109--228

 []


Underfull \hbox (badness 10000) in paragraph at lines 109--228

 []


Underfull \hbox (badness 10000) in paragraph at lines 109--228

 []


Underfull \hbox (badness 10000) in paragraph at lines 109--228

 []


Underfull \hbox (badness 10000) in paragraph at lines 109--228

 []


Underfull \hbox (badness 10000) in paragraph at lines 109--228

 []


Underfull \hbox (badness 10000) in paragraph at lines 109--228

 []


Underfull \hbox (badness 10000) in paragraph at lines 109--228

 []


Underfull \hbox (badness 10000) in paragraph at lines 109--228

 []


Underfull \hbox (badness 10000) in paragraph at lines 109--228

 []


Underfull \hbox (badness 10000) in paragraph at lines 109--228

 []


Underfull \hbox (badness 10000) in paragraph at lines 109--228

 []


Underfull \hbox (badness 10000) in paragraph at lines 109--228

 []


Underfull \hbox (badness 10000) in paragraph at lines 109--228

 []


Underfull \hbox (badness 10000) in paragraph at lines 109--228

 []


Underfull \hbox (badness 10000) in paragraph at lines 109--228

 []


Overfull \hbox (0.54808pt too wide) in paragraph at lines 109--228
\OT1/cmr/bx/n/12 Answer:  $\OT1/cmr/m/n/12 4 \OMS/cmsy/m/n/12  \OT1/cmr/m/n/12
 ($Time to ac-cess page ta-ble $\OMS/cmsy/m/n/12 $ \OT1/cmr/m/n/12 Time to ac-
cess word in memory$) =
 []


Underfull \hbox (badness 10000) in paragraph at lines 109--228

 []


Underfull \hbox (badness 10000) in paragraph at lines 109--228

 []


Underfull \hbox (badness 10000) in paragraph at lines 109--228

 []


Underfull \hbox (badness 10000) in paragraph at lines 109--228

 []


Underfull \hbox (badness 10000) in paragraph at lines 109--228

 []


Overfull \hbox (43.61894pt too wide) in paragraph at lines 109--228
[] 
 []


Underfull \hbox (badness 10000) in paragraph at lines 109--228

 []


Underfull \hbox (badness 10000) in paragraph at lines 109--228

 []


Underfull \hbox (badness 10000) in paragraph at lines 109--228

 []


Underfull \hbox (badness 10000) in paragraph at lines 109--228

 []


Underfull \hbox (badness 10000) in paragraph at lines 109--228

 []


Underfull \hbox (badness 10000) in paragraph at lines 109--228

 []


Underfull \hbox (badness 10000) in paragraph at lines 109--228

 []


Underfull \hbox (badness 10000) in paragraph at lines 109--228

 []


Underfull \hbox (badness 10000) in paragraph at lines 109--228

 []


Underfull \hbox (badness 10000) in paragraph at lines 109--228

 []


Underfull \hbox (badness 10000) in paragraph at lines 109--228

 []


Underfull \hbox (badness 10000) in paragraph at lines 109--228

 []


Underfull \hbox (badness 10000) in paragraph at lines 109--228

 []


Underfull \hbox (badness 10000) in paragraph at lines 109--228

 []


Underfull \hbox (badness 10000) in paragraph at lines 109--228

 []


Overfull \hbox (13.81174pt too wide) in paragraph at lines 109--228
[] 
 []


Underfull \hbox (badness 10000) in paragraph at lines 109--228

 []


Underfull \hbox (badness 10000) in paragraph at lines 109--228

 []


Underfull \hbox (badness 10000) in paragraph at lines 109--228

 []


Underfull \hbox (badness 10000) in paragraph at lines 109--228

 []


Underfull \hbox (badness 10000) in paragraph at lines 109--228

 []


Underfull \hbox (badness 10000) in paragraph at lines 109--228

 []


Underfull \hbox (badness 10000) in paragraph at lines 109--228

 []


Underfull \hbox (badness 10000) in paragraph at lines 109--228

 []


Underfull \hbox (badness 10000) in paragraph at lines 109--228

 []

[3

] [4] [5] [6 <./28.jpg>] [7] [8 <./sec2.jpg>] [9] (HW6.aux) ) 
Here is how much of TeX's memory you used:
 1728 strings out of 492973
 25343 string characters out of 3135932
 106313 words of memory out of 3000000
 5603 multiletter control sequences out of 15000+200000
 7895 words of font info for 28 fonts, out of 3000000 for 9000
 1141 hyphenation exceptions out of 8191
 41i,10n,25p,272b,196s stack positions out of 5000i,500n,10000p,200000b,50000s
<C:/Program Files/
MiKTeX 2.9/fonts/type1/public/amsfonts/cm/cmbx12.pfb><C:/Program Files/MiKTeX 2
.9/fonts/type1/public/amsfonts/cm/cmmi12.pfb><C:/Program Files/MiKTeX 2.9/fonts
/type1/public/amsfonts/cm/cmmi8.pfb><C:/Program Files/MiKTeX 2.9/fonts/type1/pu
blic/amsfonts/cm/cmr12.pfb><C:/Program Files/MiKTeX 2.9/fonts/type1/public/amsf
onts/cm/cmr17.pfb><C:/Program Files/MiKTeX 2.9/fonts/type1/public/amsfonts/cm/c
mr6.pfb><C:/Program Files/MiKTeX 2.9/fonts/type1/public/amsfonts/cm/cmr8.pfb><C
:/Program Files/MiKTeX 2.9/fonts/type1/public/amsfonts/cm/cmsy10.pfb><C:/Progra
m Files/MiKTeX 2.9/fonts/type1/public/amsfonts/cm/cmsy8.pfb>
Output written on HW6.pdf (9 pages, 210414 bytes).
PDF statistics:
 70 PDF objects out of 1000 (max. 8388607)
 0 named destinations out of 1000 (max. 500000)
 11 words of extra memory for PDF output out of 10000 (max. 10000000)

