This is pdfTeX, Version 3.14159265-2.6-1.40.19 (MiKTeX 2.9.6800 64-bit) (preloaded format=pdflatex 2018.9.15)  26 NOV 2018 12:20
entering extended mode
**./HW7.tex
(HW7.tex
LaTeX2e <2018-04-01> patch level 5
("C:\Program Files\MiKTeX 2.9\tex\latex\base\article.cls"
Document Class: article 2014/09/29 v1.4h Standard LaTeX document class
("C:\Program Files\MiKTeX 2.9\tex\latex\base\size12.clo"
File: size12.clo 2014/09/29 v1.4h Standard LaTeX file (size option)
)
\c@part=\count80
\c@section=\count81
\c@subsection=\count82
\c@subsubsection=\count83
\c@paragraph=\count84
\c@subparagraph=\count85
\c@figure=\count86
\c@table=\count87
\abovecaptionskip=\skip41
\belowcaptionskip=\skip42
\bibindent=\dimen102
)
("C:\Program Files\MiKTeX 2.9\tex\latex\enumitem\enumitem.sty"
Package: enumitem 2011/09/28 v3.5.2 Customized lists
\enitkv@toks@=\toks14
\labelindent=\skip43
\enit@outerparindent=\dimen103
\enit@toks=\toks15
\enit@inbox=\box26
\enitdp@description=\count88
)
("C:\Program Files\MiKTeX 2.9\tex\latex\placeins\placeins.sty"
Package: placeins 2005/04/18  v 2.2
)
("C:\Program Files\MiKTeX 2.9\tex\latex\graphics\graphicx.sty"
Package: graphicx 2017/06/01 v1.1a Enhanced LaTeX Graphics (DPC,SPQR)

("C:\Program Files\MiKTeX 2.9\tex\latex\graphics\keyval.sty"
Package: keyval 2014/10/28 v1.15 key=value parser (DPC)
\KV@toks@=\toks16
)
("C:\Program Files\MiKTeX 2.9\tex\latex\graphics\graphics.sty"
Package: graphics 2017/06/25 v1.2c Standard LaTeX Graphics (DPC,SPQR)

("C:\Program Files\MiKTeX 2.9\tex\latex\graphics\trig.sty"
Package: trig 2016/01/03 v1.10 sin cos tan (DPC)
)
("C:\Program Files\MiKTeX 2.9\tex\latex\graphics-cfg\graphics.cfg"
File: graphics.cfg 2016/06/04 v1.11 sample graphics configuration
)
Package graphics Info: Driver file: pdftex.def on input line 99.

("C:\Program Files\MiKTeX 2.9\tex\latex\graphics-def\pdftex.def"
File: pdftex.def 2018/01/08 v1.0l Graphics/color driver for pdftex
))
\Gin@req@height=\dimen104
\Gin@req@width=\dimen105
)
No file HW7.aux.
\openout1 = `HW7.aux'.

LaTeX Font Info:    Checking defaults for OML/cmm/m/it on input line 5.
LaTeX Font Info:    ... okay on input line 5.
LaTeX Font Info:    Checking defaults for T1/cmr/m/n on input line 5.
LaTeX Font Info:    ... okay on input line 5.
LaTeX Font Info:    Checking defaults for OT1/cmr/m/n on input line 5.
LaTeX Font Info:    ... okay on input line 5.
LaTeX Font Info:    Checking defaults for OMS/cmsy/m/n on input line 5.
LaTeX Font Info:    ... okay on input line 5.
LaTeX Font Info:    Checking defaults for OMX/cmex/m/n on input line 5.
LaTeX Font Info:    ... okay on input line 5.
LaTeX Font Info:    Checking defaults for U/cmr/m/n on input line 5.
LaTeX Font Info:    ... okay on input line 5.
("C:\Program Files\MiKTeX 2.9\tex\context\base\supp-pdf.mkii"
[Loading MPS to PDF converter (version 2006.09.02).]
\scratchcounter=\count89
\scratchdimen=\dimen106
\scratchbox=\box27
\nofMPsegments=\count90
\nofMParguments=\count91
\everyMPshowfont=\toks17
\MPscratchCnt=\count92
\MPscratchDim=\dimen107
\MPnumerator=\count93
\makeMPintoPDFobject=\count94
\everyMPtoPDFconversion=\toks18
) ("C:\Program Files\MiKTeX 2.9\tex\latex\oberdiek\epstopdf-base.sty"
Package: epstopdf-base 2016/05/15 v2.6 Base part for package epstopdf

("C:\Program Files\MiKTeX 2.9\tex\generic\oberdiek\infwarerr.sty"
Package: infwarerr 2016/05/16 v1.4 Providing info/warning/error messages (HO)
)
("C:\Program Files\MiKTeX 2.9\tex\latex\oberdiek\grfext.sty"
Package: grfext 2016/05/16 v1.2 Manage graphics extensions (HO)

("C:\Program Files\MiKTeX 2.9\tex\generic\oberdiek\kvdefinekeys.sty"
Package: kvdefinekeys 2016/05/16 v1.4 Define keys (HO)

("C:\Program Files\MiKTeX 2.9\tex\generic\oberdiek\ltxcmds.sty"
Package: ltxcmds 2016/05/16 v1.23 LaTeX kernel commands for general use (HO)
)))
("C:\Program Files\MiKTeX 2.9\tex\latex\oberdiek\kvoptions.sty"
Package: kvoptions 2016/05/16 v3.12 Key value format for package options (HO)

("C:\Program Files\MiKTeX 2.9\tex\generic\oberdiek\kvsetkeys.sty"
Package: kvsetkeys 2016/05/16 v1.17 Key value parser (HO)

("C:\Program Files\MiKTeX 2.9\tex\generic\oberdiek\etexcmds.sty"
Package: etexcmds 2016/05/16 v1.6 Avoid name clashes with e-TeX commands (HO)

("C:\Program Files\MiKTeX 2.9\tex\generic\oberdiek\ifluatex.sty"
Package: ifluatex 2016/05/16 v1.4 Provides the ifluatex switch (HO)
Package ifluatex Info: LuaTeX not detected.
)
Package etexcmds Info: Could not find \expanded.
(etexcmds)             That can mean that you are not using pdfTeX 1.50 or
(etexcmds)             that some package has redefined \expanded.
(etexcmds)             In the latter case, load this package earlier.
)))
("C:\Program Files\MiKTeX 2.9\tex\generic\oberdiek\pdftexcmds.sty"
Package: pdftexcmds 2018/01/30 v0.27 Utility functions of pdfTeX for LuaTeX (HO
)

("C:\Program Files\MiKTeX 2.9\tex\generic\oberdiek\ifpdf.sty"
Package: ifpdf 2017/03/15 v3.2 Provides the ifpdf switch
)
Package pdftexcmds Info: LuaTeX not detected.
Package pdftexcmds Info: \pdf@primitive is available.
Package pdftexcmds Info: \pdf@ifprimitive is available.
Package pdftexcmds Info: \pdfdraftmode found.
)
Package epstopdf-base Info: Redefining graphics rule for `.eps' on input line 4
38.
Package grfext Info: Graphics extension search list:
(grfext)             [.pdf,.png,.jpg,.mps,.jpeg,.jbig2,.jb2,.PDF,.PNG,.JPG,.JPE
G,.JBIG2,.JB2,.eps]
(grfext)             \AppendGraphicsExtensions on input line 456.
)
LaTeX Font Info:    External font `cmex10' loaded for size
(Font)              <14.4> on input line 8.
LaTeX Font Info:    External font `cmex10' loaded for size
(Font)              <7> on input line 8.
LaTeX Font Info:    External font `cmex10' loaded for size
(Font)              <12> on input line 12.
LaTeX Font Info:    External font `cmex10' loaded for size
(Font)              <8> on input line 12.
LaTeX Font Info:    External font `cmex10' loaded for size
(Font)              <6> on input line 12.
<q19.JPG, id=1, 410.2828pt x 304.88907pt>
File: q19.JPG Graphic file (type jpg)
<use q19.JPG>
Package pdftex.def Info: q19.JPG  used on input line 30.
(pdftex.def)             Requested size: 410.2818pt x 304.88832pt.
<q27.JPG, id=2, 335.75438pt x 102.3825pt>
File: q27.JPG Graphic file (type jpg)
<use q27.JPG>
Package pdftex.def Info: q27.JPG  used on input line 82.
(pdftex.def)             Requested size: 335.75356pt x 102.38225pt.
<2a.JPG, id=3, 461.47406pt x 185.19188pt>
File: 2a.JPG Graphic file (type jpg)
<use 2a.JPG>
Package pdftex.def Info: 2a.JPG  used on input line 165.
(pdftex.def)             Requested size: 461.47292pt x 185.1914pt.
<2b.JPG, id=4, 468.24937pt x 160.34906pt>
File: 2b.JPG Graphic file (type jpg)
<use 2b.JPG>
Package pdftex.def Info: 2b.JPG  used on input line 166.
(pdftex.def)             Requested size: 468.24821pt x 160.34866pt.
<2c.JPG, id=5, 459.96844pt x 130.98938pt>
File: 2c.JPG Graphic file (type jpg)
<use 2c.JPG>
Package pdftex.def Info: 2c.JPG  used on input line 167.
(pdftex.def)             Requested size: 459.96732pt x 130.98904pt.
<2d.JPG, id=6, 458.46281pt x 163.3603pt>
File: 2d.JPG Graphic file (type jpg)
<use 2d.JPG>
Package pdftex.def Info: 2d.JPG  used on input line 168.
(pdftex.def)             Requested size: 458.46169pt x 163.3599pt.
<4.JPG, id=7, 833.36343pt x 567.62062pt>
File: 4.JPG Graphic file (type jpg)
<use 4.JPG>
Package pdftex.def Info: 4.JPG  used on input line 186.
(pdftex.def)             Requested size: 416.6807pt x 283.8096pt.

Underfull \hbox (badness 10000) in paragraph at lines 9--196

 []


Underfull \hbox (badness 10000) in paragraph at lines 9--196

 []


Underfull \hbox (badness 10000) in paragraph at lines 9--196

 []


Overfull \hbox (20.2818pt too wide) in paragraph at lines 9--196
[] 
 []


Underfull \hbox (badness 10000) in paragraph at lines 9--196

 []


Underfull \hbox (badness 10000) in paragraph at lines 9--196

 []


Underfull \hbox (badness 10000) in paragraph at lines 9--196

 []


Underfull \hbox (badness 10000) in paragraph at lines 9--196

 []


Underfull \hbox (badness 10000) in paragraph at lines 9--196

 []


Underfull \hbox (badness 10000) in paragraph at lines 9--196

 []


Underfull \hbox (badness 10000) in paragraph at lines 9--196

 []


Underfull \hbox (badness 10000) in paragraph at lines 9--196

 []


Underfull \hbox (badness 10000) in paragraph at lines 9--196

 []


Underfull \hbox (badness 10000) in paragraph at lines 9--196

 []


Underfull \hbox (badness 10000) in paragraph at lines 9--196

 []


Underfull \hbox (badness 10000) in paragraph at lines 9--196

 []


Underfull \hbox (badness 10000) in paragraph at lines 9--196

 []


Underfull \hbox (badness 10000) in paragraph at lines 9--196

 []


Underfull \hbox (badness 10000) in paragraph at lines 9--196

 []


Underfull \hbox (badness 10000) in paragraph at lines 9--196

 []


Underfull \hbox (badness 10000) in paragraph at lines 9--196

 []


Underfull \hbox (badness 10000) in paragraph at lines 9--196

 []


Underfull \hbox (badness 10000) in paragraph at lines 9--196

 []


Underfull \hbox (badness 10000) in paragraph at lines 9--196

 []


Underfull \hbox (badness 10000) in paragraph at lines 9--196

 []


Underfull \hbox (badness 10000) in paragraph at lines 9--196

 []


Underfull \hbox (badness 10000) in paragraph at lines 9--196

 []


Underfull \hbox (badness 10000) in paragraph at lines 9--196

 []


Underfull \hbox (badness 10000) in paragraph at lines 9--196

 []


Underfull \hbox (badness 10000) in paragraph at lines 9--196

 []


Underfull \hbox (badness 10000) in paragraph at lines 9--196

 []


Underfull \hbox (badness 10000) in paragraph at lines 9--196

 []


Underfull \hbox (badness 10000) in paragraph at lines 9--196

 []


Underfull \hbox (badness 10000) in paragraph at lines 9--196

 []


Overfull \hbox (15.56662pt too wide) in paragraph at lines 9--196
\OT1/cmr/m/n/12 lead-ing to a con-stant state of pag-ing and page faults, in-hi
bit-ing most application-
 []


Underfull \hbox (badness 10000) in paragraph at lines 9--196

 []


Overfull \hbox (71.47292pt too wide) in paragraph at lines 9--196
[] 
 []


Overfull \hbox (78.24821pt too wide) in paragraph at lines 9--196
[] 
 []


Overfull \hbox (69.96732pt too wide) in paragraph at lines 9--196
[] 
 []


Overfull \hbox (68.46169pt too wide) in paragraph at lines 9--196
[] 
 []


Underfull \hbox (badness 10000) in paragraph at lines 9--196

 []


Underfull \hbox (badness 10000) in paragraph at lines 9--196

 []


Underfull \hbox (badness 10000) in paragraph at lines 9--196

 []


Overfull \hbox (26.6807pt too wide) in paragraph at lines 9--196
[] 
 []


Underfull \hbox (badness 10000) in paragraph at lines 9--196

 []

[1

{C:/Users/iapetus/AppData/Local/MiKTeX/2.9/pdftex/config/pdftex.map}]
[2 <./q19.JPG>] [3] [4 <./q27.JPG>] [5] [6 <./2a.JPG>] [7 <./2b.JPG> <./2c.JPG>
 <./2d.JPG>] [8 <./4.JPG>] [9] (HW7.aux) ) 
Here is how much of TeX's memory you used:
 1753 strings out of 492973
 25583 string characters out of 3135932
 105313 words of memory out of 3000000
 5623 multiletter control sequences out of 15000+200000
 7895 words of font info for 28 fonts, out of 3000000 for 9000
 1141 hyphenation exceptions out of 8191
 41i,6n,25p,272b,191s stack positions out of 5000i,500n,10000p,200000b,50000s
<C:/Program Files/MiKTeX 2.9/fonts/ty
pe1/public/amsfonts/cm/cmbx12.pfb><C:/Program Files/MiKTeX 2.9/fonts/type1/publ
ic/amsfonts/cm/cmmi12.pfb><C:/Program Files/MiKTeX 2.9/fonts/type1/public/amsfo
nts/cm/cmmi8.pfb><C:/Program Files/MiKTeX 2.9/fonts/type1/public/amsfonts/cm/cm
r12.pfb><C:/Program Files/MiKTeX 2.9/fonts/type1/public/amsfonts/cm/cmr17.pfb><
C:/Program Files/MiKTeX 2.9/fonts/type1/public/amsfonts/cm/cmr6.pfb><C:/Program
 Files/MiKTeX 2.9/fonts/type1/public/amsfonts/cm/cmr8.pfb><C:/Program Files/MiK
TeX 2.9/fonts/type1/public/amsfonts/cm/cmsy10.pfb><C:/Program Files/MiKTeX 2.9/
fonts/type1/public/amsfonts/cm/cmsy8.pfb>
Output written on HW7.pdf (9 pages, 336491 bytes).
PDF statistics:
 75 PDF objects out of 1000 (max. 8388607)
 0 named destinations out of 1000 (max. 500000)
 36 words of extra memory for PDF output out of 10000 (max. 10000000)

